Added Component: Designator=C7(Cap1206_throu)
Added Component: Designator=C8(Cap1206_throu)
Added Component: Designator=J1(HDR1X5)
Added Component: Designator=P11(HDR2X3_CEN)
Added Component: Designator=S?(DPST-4)
Added Component: Designator=S?(DIP-4)
Added Component: Designator=U1(SOIC16)
Added Component: Designator=Y1(CRYSTAL)
Added Pin To Net: NetName=GND Pin=C7-1
Added Pin To Net: NetName=GND Pin=C8-1
Added Pin To Net: NetName=GND Pin=P11-6
Added Net: Name=GND
Added Pin To Net: NetName=NetC7_2 Pin=C7-2
Added Pin To Net: NetName=NetC7_2 Pin=Y1-1
Added Net: Name=NetC7_2
Added Pin To Net: NetName=NetC8_2 Pin=C8-2
Added Pin To Net: NetName=NetC8_2 Pin=Y1-2
Added Net: Name=NetC8_2
Added Pin To Net: NetName=NetP11_1 Pin=P11-1
Added Net: Name=NetP11_1
Added Pin To Net: NetName=NetP11_2 Pin=P11-2
Added Net: Name=NetP11_2
Added Pin To Net: NetName=NetP11_3 Pin=P11-3
Added Net: Name=NetP11_3
Added Pin To Net: NetName=NetP11_5 Pin=P11-5
Added Net: Name=NetP11_5
Added Pin To Net: NetName=VCC Pin=P11-4
Added Net: Name=VCC
Added Class: Name=feeder
Added Room: Name=feeder
