Removed Pin From Net: NetName=GND Pin=C1-1
Removed Pin From Net: NetName=VCC Pin=C1-2
Removed Pin From Net: NetName=GND Pin=C2-1
Removed Pin From Net: NetName=VCC Pin=C2-2
Removed Pin From Net: NetName=GND Pin=C3-1
Removed Pin From Net: NetName=NETFEED Pin=C3-2
Removed Pin From Net: NetName=GND Pin=C4-1
Removed Pin From Net: NetName=NETMODE Pin=C4-2
Removed Pin From Net: NetName=GND Pin=C5-1
Removed Pin From Net: NetName=NETPLUS Pin=C5-2
Removed Pin From Net: NetName=GND Pin=C6-1
Removed Pin From Net: NetName=NETSET Pin=C6-2
Removed Member From Class: ClassName=feeder Member=C5
Removed Member From Class: ClassName=feeder Member=C6
Removed Member From Class: ClassName=feeder Member=C7
Removed Member From Class: ClassName=feeder Member=C8
Removed Member From Class: ClassName=feeder Member=C9
Removed Member From Class: ClassName=feeder Member=C10
Change Component Designator: OldDesignator=C7 NewDesignator=C4
Change Component Designator: OldDesignator=C8 NewDesignator=C3
Change Component Designator: OldDesignator=C9 NewDesignator=C1
Change Component Designator: OldDesignator=C10 NewDesignator=C2
Change Net Name : Old Net Name=NetC7_2 New Net Name=NetC4_2
Change Net Name : Old Net Name=NetC8_2 New Net Name=NetC3_2
Change Net Name : Old Net Name=NetC9_1 New Net Name=NetC1_1
Added Room: Name=feeder
